This file contains any messages produced by compilers while
running configure, to aid debugging if configure makes a mistake.

It was created by highlander configure 0.9.91, which was
generated by GNU Autoconf 2.60.  Invocation command line was

  $ ./configure 

## --------- ##
## Platform. ##
## --------- ##

hostname = Oxygen.local
uname -m = i386
uname -r = 9.6.0
uname -s = Darwin
uname -v = Darwin Kernel Version 9.6.0: Mon Nov 24 17:37:00 PST 2008; root:xnu-1228.9.59~1/RELEASE_I386

/usr/bin/uname -p = i386
/bin/uname -X     = unknown

/bin/arch              = unknown
/usr/bin/arch -k       = unknown
/usr/convex/getsysinfo = unknown
/usr/bin/hostinfo      = Mach kernel version:
	 Darwin Kernel Version 9.6.0: Mon Nov 24 17:37:00 PST 2008; root:xnu-1228.9.59~1/RELEASE_I386
Kernel configured for up to 8 processors.
8 processors are physically available.
8 processors are logically available.
Processor type: i486 (Intel 80486)
Processors active: 0 1 2 3 4 5 6 7
Primary memory available: 6.00 gigabytes
Default processor set: 85 tasks, 378 threads, 8 processors
Load average: 0.05, Mach factor: 7.94
/bin/machine           = unknown
/usr/bin/oslevel       = unknown
/bin/universe          = unknown

PATH: /opt/local/bin
PATH: /opt/local/sbin
PATH: .
PATH: /Users/tim/bin
PATH: /usr/local/bin
PATH: /usr/local/flex_sdk_3/bin
PATH: /usr/local/android/tools
PATH: /usr/local/mysql/bin
PATH: /usr/local/pgsql/bin
PATH: /opt/local/bin
PATH: /usr/bin
PATH: /bin
PATH: /usr/sbin
PATH: /sbin
PATH: /usr/local/bin
PATH: /usr/texbin
PATH: /usr/X11/bin


## ----------- ##
## Core tests. ##
## ----------- ##

configure:1755: checking for a BSD-compatible install
configure:1811: result: /usr/bin/install -c
configure:1822: checking whether build environment is sane
configure:1865: result: yes
configure:1930: checking for gawk
configure:1946: found /opt/local/bin/gawk
configure:1957: result: gawk
configure:1968: checking whether make sets $(MAKE)
configure:1989: result: yes
configure:2221: checking for ranlib
configure:2237: found /usr/bin/ranlib
configure:2248: result: ranlib
configure:2322: checking for gcc
configure:2338: found /usr/bin/gcc
configure:2349: result: gcc
configure:2587: checking for C compiler version
configure:2594: gcc --version >&5
i686-apple-darwin9-gcc-4.0.1 (GCC) 4.0.1 (Apple Inc. build 5490)
Copyright (C) 2005 Free Software Foundation, Inc.
This is free software; see the source for copying conditions.  There is NO
warranty; not even for MERCHANTABILITY or FITNESS FOR A PARTICULAR PURPOSE.

configure:2597: $? = 0
configure:2604: gcc -v >&5
Using built-in specs.
Target: i686-apple-darwin9
Configured with: /var/tmp/gcc/gcc-5490~1/src/configure --disable-checking -enable-werror --prefix=/usr --mandir=/share/man --enable-languages=c,objc,c++,obj-c++ --program-transform-name=/^[cg][^.-]*$/s/$/-4.0/ --with-gxx-include-dir=/include/c++/4.0.0 --with-slibdir=/usr/lib --build=i686-apple-darwin9 --with-arch=apple --with-tune=generic --host=i686-apple-darwin9 --target=i686-apple-darwin9
Thread model: posix
gcc version 4.0.1 (Apple Inc. build 5490)
configure:2607: $? = 0
configure:2614: gcc -V >&5
gcc-4.0: argument to `-V' is missing
configure:2617: $? = 1
configure:2640: checking for C compiler default output file name
configure:2667: gcc    conftest.c  >&5
configure:2670: $? = 0
configure:2716: result: a.out
configure:2721: checking whether the C compiler works
configure:2731: ./a.out
configure:2734: $? = 0
configure:2751: result: yes
configure:2758: checking whether we are cross compiling
configure:2760: result: no
configure:2763: checking for suffix of executables
configure:2770: gcc -o conftest    conftest.c  >&5
configure:2773: $? = 0
configure:2797: result: 
configure:2803: checking for suffix of object files
configure:2829: gcc -c   conftest.c >&5
configure:2832: $? = 0
configure:2855: result: o
configure:2859: checking whether we are using the GNU C compiler
configure:2888: gcc -c   conftest.c >&5
configure:2894: $? = 0
configure:2901: test -z "$ac_c_werror_flag" || test ! -s conftest.err
configure:2904: $? = 0
configure:2911: test -s conftest.o
configure:2914: $? = 0
configure:2928: result: yes
configure:2933: checking whether gcc accepts -g
configure:2963: gcc -c -g  conftest.c >&5
configure:2969: $? = 0
configure:2976: test -z "$ac_c_werror_flag" || test ! -s conftest.err
configure:2979: $? = 0
configure:2986: test -s conftest.o
configure:2989: $? = 0
configure:3119: result: yes
configure:3136: checking for gcc option to accept ISO C89
configure:3210: gcc  -c -g -O2  conftest.c >&5
configure:3216: $? = 0
configure:3223: test -z "$ac_c_werror_flag" || test ! -s conftest.err
configure:3226: $? = 0
configure:3233: test -s conftest.o
configure:3236: $? = 0
configure:3256: result: none needed
configure:3285: checking for style of include used by make
configure:3313: result: GNU
configure:3341: checking dependency style of gcc
configure:3431: result: gcc3
configure:3456: checking how to run the C preprocessor
configure:3496: gcc -E  conftest.c
configure:3502: $? = 0
configure:3540: gcc -E  conftest.c
conftest.c:10:28: error: ac_nonexistent.h: No such file or directory
configure:3546: $? = 1
configure: failed program was:
| /* confdefs.h.  */
| #define PACKAGE_NAME "highlander"
| #define PACKAGE_TARNAME "highlander"
| #define PACKAGE_VERSION "0.9.91"
| #define PACKAGE_STRING "highlander 0.9.91"
| #define PACKAGE_BUGREPORT "boa@metasystems.no"
| #define PACKAGE "highlander"
| #define VERSION "0.9.91"
| /* end confdefs.h.  */
| #include <ac_nonexistent.h>
configure:3586: result: gcc -E
configure:3615: gcc -E  conftest.c
configure:3621: $? = 0
configure:3659: gcc -E  conftest.c
conftest.c:10:28: error: ac_nonexistent.h: No such file or directory
configure:3665: $? = 1
configure: failed program was:
| /* confdefs.h.  */
| #define PACKAGE_NAME "highlander"
| #define PACKAGE_TARNAME "highlander"
| #define PACKAGE_VERSION "0.9.91"
| #define PACKAGE_STRING "highlander 0.9.91"
| #define PACKAGE_BUGREPORT "boa@metasystems.no"
| #define PACKAGE "highlander"
| #define VERSION "0.9.91"
| /* end confdefs.h.  */
| #include <ac_nonexistent.h>
configure:3710: checking for grep that handles long lines and -e
configure:3784: result: /usr/bin/grep
configure:3789: checking for egrep
configure:3867: result: /usr/bin/grep -E
configure:3872: checking for ANSI C header files
configure:3902: gcc -c -g -O2  conftest.c >&5
configure:3908: $? = 0
configure:3915: test -z "$ac_c_werror_flag" || test ! -s conftest.err
configure:3918: $? = 0
configure:3925: test -s conftest.o
configure:3928: $? = 0
configure:4024: gcc -o conftest -g -O2   conftest.c  >&5
configure:4027: $? = 0
configure:4033: ./conftest
configure:4036: $? = 0
configure:4053: result: yes
configure:4077: checking for sys/types.h
configure:4098: gcc -c -g -O2  conftest.c >&5
configure:4104: $? = 0
configure:4111: test -z "$ac_c_werror_flag" || test ! -s conftest.err
configure:4114: $? = 0
configure:4121: test -s conftest.o
configure:4124: $? = 0
configure:4137: result: yes
configure:4077: checking for sys/stat.h
configure:4098: gcc -c -g -O2  conftest.c >&5
configure:4104: $? = 0
configure:4111: test -z "$ac_c_werror_flag" || test ! -s conftest.err
configure:4114: $? = 0
configure:4121: test -s conftest.o
configure:4124: $? = 0
configure:4137: result: yes
configure:4077: checking for stdlib.h
configure:4098: gcc -c -g -O2  conftest.c >&5
configure:4104: $? = 0
configure:4111: test -z "$ac_c_werror_flag" || test ! -s conftest.err
configure:4114: $? = 0
configure:4121: test -s conftest.o
configure:4124: $? = 0
configure:4137: result: yes
configure:4077: checking for string.h
configure:4098: gcc -c -g -O2  conftest.c >&5
configure:4104: $? = 0
configure:4111: test -z "$ac_c_werror_flag" || test ! -s conftest.err
configure:4114: $? = 0
configure:4121: test -s conftest.o
configure:4124: $? = 0
configure:4137: result: yes
configure:4077: checking for memory.h
configure:4098: gcc -c -g -O2  conftest.c >&5
configure:4104: $? = 0
configure:4111: test -z "$ac_c_werror_flag" || test ! -s conftest.err
configure:4114: $? = 0
configure:4121: test -s conftest.o
configure:4124: $? = 0
configure:4137: result: yes
configure:4077: checking for strings.h
configure:4098: gcc -c -g -O2  conftest.c >&5
configure:4104: $? = 0
configure:4111: test -z "$ac_c_werror_flag" || test ! -s conftest.err
configure:4114: $? = 0
configure:4121: test -s conftest.o
configure:4124: $? = 0
configure:4137: result: yes
configure:4077: checking for inttypes.h
configure:4098: gcc -c -g -O2  conftest.c >&5
configure:4104: $? = 0
configure:4111: test -z "$ac_c_werror_flag" || test ! -s conftest.err
configure:4114: $? = 0
configure:4121: test -s conftest.o
configure:4124: $? = 0
configure:4137: result: yes
configure:4077: checking for stdint.h
configure:4098: gcc -c -g -O2  conftest.c >&5
configure:4104: $? = 0
configure:4111: test -z "$ac_c_werror_flag" || test ! -s conftest.err
configure:4114: $? = 0
configure:4121: test -s conftest.o
configure:4124: $? = 0
configure:4137: result: yes
configure:4077: checking for unistd.h
configure:4098: gcc -c -g -O2  conftest.c >&5
configure:4104: $? = 0
configure:4111: test -z "$ac_c_werror_flag" || test ! -s conftest.err
configure:4114: $? = 0
configure:4121: test -s conftest.o
configure:4124: $? = 0
configure:4137: result: yes
configure:4171: checking arpa/inet.h usability
configure:4188: gcc -c -g -O2  conftest.c >&5
configure:4194: $? = 0
configure:4201: test -z "$ac_c_werror_flag" || test ! -s conftest.err
configure:4204: $? = 0
configure:4211: test -s conftest.o
configure:4214: $? = 0
configure:4225: result: yes
configure:4229: checking arpa/inet.h presence
configure:4244: gcc -E  conftest.c
configure:4250: $? = 0
configure:4271: result: yes
configure:4304: checking for arpa/inet.h
configure:4312: result: yes
configure:4171: checking fcntl.h usability
configure:4188: gcc -c -g -O2  conftest.c >&5
configure:4194: $? = 0
configure:4201: test -z "$ac_c_werror_flag" || test ! -s conftest.err
configure:4204: $? = 0
configure:4211: test -s conftest.o
configure:4214: $? = 0
configure:4225: result: yes
configure:4229: checking fcntl.h presence
configure:4244: gcc -E  conftest.c
configure:4250: $? = 0
configure:4271: result: yes
configure:4304: checking for fcntl.h
configure:4312: result: yes
configure:4171: checking limits.h usability
configure:4188: gcc -c -g -O2  conftest.c >&5
configure:4194: $? = 0
configure:4201: test -z "$ac_c_werror_flag" || test ! -s conftest.err
configure:4204: $? = 0
configure:4211: test -s conftest.o
configure:4214: $? = 0
configure:4225: result: yes
configure:4229: checking limits.h presence
configure:4244: gcc -E  conftest.c
configure:4250: $? = 0
configure:4271: result: yes
configure:4304: checking for limits.h
configure:4312: result: yes
configure:4171: checking netdb.h usability
configure:4188: gcc -c -g -O2  conftest.c >&5
configure:4194: $? = 0
configure:4201: test -z "$ac_c_werror_flag" || test ! -s conftest.err
configure:4204: $? = 0
configure:4211: test -s conftest.o
configure:4214: $? = 0
configure:4225: result: yes
configure:4229: checking netdb.h presence
configure:4244: gcc -E  conftest.c
configure:4250: $? = 0
configure:4271: result: yes
configure:4304: checking for netdb.h
configure:4312: result: yes
configure:4171: checking netinet/in.h usability
configure:4188: gcc -c -g -O2  conftest.c >&5
configure:4194: $? = 0
configure:4201: test -z "$ac_c_werror_flag" || test ! -s conftest.err
configure:4204: $? = 0
configure:4211: test -s conftest.o
configure:4214: $? = 0
configure:4225: result: yes
configure:4229: checking netinet/in.h presence
configure:4244: gcc -E  conftest.c
configure:4250: $? = 0
configure:4271: result: yes
configure:4304: checking for netinet/in.h
configure:4312: result: yes
configure:4171: checking sys/socket.h usability
configure:4188: gcc -c -g -O2  conftest.c >&5
configure:4194: $? = 0
configure:4201: test -z "$ac_c_werror_flag" || test ! -s conftest.err
configure:4204: $? = 0
configure:4211: test -s conftest.o
configure:4214: $? = 0
configure:4225: result: yes
configure:4229: checking sys/socket.h presence
configure:4244: gcc -E  conftest.c
configure:4250: $? = 0
configure:4271: result: yes
configure:4304: checking for sys/socket.h
configure:4312: result: yes
configure:4171: checking syslog.h usability
configure:4188: gcc -c -g -O2  conftest.c >&5
configure:4194: $? = 0
configure:4201: test -z "$ac_c_werror_flag" || test ! -s conftest.err
configure:4204: $? = 0
configure:4211: test -s conftest.o
configure:4214: $? = 0
configure:4225: result: yes
configure:4229: checking syslog.h presence
configure:4244: gcc -E  conftest.c
configure:4250: $? = 0
configure:4271: result: yes
configure:4304: checking for syslog.h
configure:4312: result: yes
configure:4161: checking for unistd.h
configure:4167: result: yes
configure:4327: checking for an ANSI C-conforming const
configure:4402: gcc -c -g -O2  conftest.c >&5
configure:4408: $? = 0
configure:4415: test -z "$ac_c_werror_flag" || test ! -s conftest.err
configure:4418: $? = 0
configure:4425: test -s conftest.o
configure:4428: $? = 0
configure:4440: result: yes
configure:4450: checking for inline
configure:4476: gcc -c -g -O2  conftest.c >&5
configure:4482: $? = 0
configure:4489: test -z "$ac_c_werror_flag" || test ! -s conftest.err
configure:4492: $? = 0
configure:4499: test -s conftest.o
configure:4502: $? = 0
configure:4517: result: inline
configure:4536: checking for mode_t
configure:4566: gcc -c -g -O2  conftest.c >&5
configure:4572: $? = 0
configure:4579: test -z "$ac_c_werror_flag" || test ! -s conftest.err
configure:4582: $? = 0
configure:4589: test -s conftest.o
configure:4592: $? = 0
configure:4604: result: yes
configure:4616: checking for pid_t
configure:4646: gcc -c -g -O2  conftest.c >&5
configure:4652: $? = 0
configure:4659: test -z "$ac_c_werror_flag" || test ! -s conftest.err
configure:4662: $? = 0
configure:4669: test -s conftest.o
configure:4672: $? = 0
configure:4684: result: yes
configure:4696: checking for size_t
configure:4726: gcc -c -g -O2  conftest.c >&5
configure:4732: $? = 0
configure:4739: test -z "$ac_c_werror_flag" || test ! -s conftest.err
configure:4742: $? = 0
configure:4749: test -s conftest.o
configure:4752: $? = 0
configure:4764: result: yes
configure:4776: checking whether struct tm is in sys/time.h or time.h
configure:4804: gcc -c -g -O2  conftest.c >&5
configure:4810: $? = 0
configure:4817: test -z "$ac_c_werror_flag" || test ! -s conftest.err
configure:4820: $? = 0
configure:4827: test -s conftest.o
configure:4830: $? = 0
configure:4842: result: time.h
configure:4854: checking whether lstat dereferences a symlink specified with a trailing slash
configure:4890: gcc -o conftest -g -O2   conftest.c  >&5
configure:4893: $? = 0
configure:4899: ./conftest
configure:4902: $? = 1
configure: program exited with status 1
configure: failed program was:
| /* confdefs.h.  */
| #define PACKAGE_NAME "highlander"
| #define PACKAGE_TARNAME "highlander"
| #define PACKAGE_VERSION "0.9.91"
| #define PACKAGE_STRING "highlander 0.9.91"
| #define PACKAGE_BUGREPORT "boa@metasystems.no"
| #define PACKAGE "highlander"
| #define VERSION "0.9.91"
| #define STDC_HEADERS 1
| #define HAVE_SYS_TYPES_H 1
| #define HAVE_SYS_STAT_H 1
| #define HAVE_STDLIB_H 1
| #define HAVE_STRING_H 1
| #define HAVE_MEMORY_H 1
| #define HAVE_STRINGS_H 1
| #define HAVE_INTTYPES_H 1
| #define HAVE_STDINT_H 1
| #define HAVE_UNISTD_H 1
| #define HAVE_ARPA_INET_H 1
| #define HAVE_FCNTL_H 1
| #define HAVE_LIMITS_H 1
| #define HAVE_NETDB_H 1
| #define HAVE_NETINET_IN_H 1
| #define HAVE_SYS_SOCKET_H 1
| #define HAVE_SYSLOG_H 1
| #define HAVE_UNISTD_H 1
| /* end confdefs.h.  */
| #include <stdio.h>
| #if HAVE_SYS_TYPES_H
| # include <sys/types.h>
| #endif
| #if HAVE_SYS_STAT_H
| # include <sys/stat.h>
| #endif
| #if STDC_HEADERS
| # include <stdlib.h>
| # include <stddef.h>
| #else
| # if HAVE_STDLIB_H
| #  include <stdlib.h>
| # endif
| #endif
| #if HAVE_STRING_H
| # if !STDC_HEADERS && HAVE_MEMORY_H
| #  include <memory.h>
| # endif
| # include <string.h>
| #endif
| #if HAVE_STRINGS_H
| # include <strings.h>
| #endif
| #if HAVE_INTTYPES_H
| # include <inttypes.h>
| #endif
| #if HAVE_STDINT_H
| # include <stdint.h>
| #endif
| #if HAVE_UNISTD_H
| # include <unistd.h>
| #endif
| int
| main ()
| {
| struct stat sbuf;
|      /* Linux will dereference the symlink and fail.
| 	That is better in the sense that it means we will not
| 	have to compile and use the lstat wrapper.  */
|      return lstat ("conftest.sym/", &sbuf) == 0;
|   ;
|   return 0;
| }
configure:4925: result: no
configure:4944: checking whether stat accepts an empty string
configure:4974: gcc -o conftest -g -O2   conftest.c  >&5
configure:4977: $? = 0
configure:4983: ./conftest
configure:4986: $? = 0
configure:5002: result: no
configure:5022: checking for strftime
configure:5078: gcc -o conftest -g -O2   conftest.c  >&5
conftest.c:51: warning: conflicting types for built-in function 'strftime'
configure:5084: $? = 0
configure:5091: test -z "$ac_c_werror_flag" || test ! -s conftest.err
configure:5094: $? = 0
configure:5101: test -s conftest
configure:5104: $? = 0
configure:5118: result: yes
configure:5225: checking for strerror_r
configure:5281: gcc -o conftest -g -O2   conftest.c  >&5
configure:5287: $? = 0
configure:5294: test -z "$ac_c_werror_flag" || test ! -s conftest.err
configure:5297: $? = 0
configure:5304: test -s conftest
configure:5307: $? = 0
configure:5321: result: yes
configure:5225: checking for inet_ntop
configure:5281: gcc -o conftest -g -O2   conftest.c  >&5
configure:5287: $? = 0
configure:5294: test -z "$ac_c_werror_flag" || test ! -s conftest.err
configure:5297: $? = 0
configure:5304: test -s conftest
configure:5307: $? = 0
configure:5321: result: yes
configure:5225: checking for localtime_r
configure:5281: gcc -o conftest -g -O2   conftest.c  >&5
configure:5287: $? = 0
configure:5294: test -z "$ac_c_werror_flag" || test ! -s conftest.err
configure:5297: $? = 0
configure:5304: test -s conftest
configure:5307: $? = 0
configure:5321: result: yes
configure:5225: checking for socket
configure:5281: gcc -o conftest -g -O2   conftest.c  >&5
configure:5287: $? = 0
configure:5294: test -z "$ac_c_werror_flag" || test ! -s conftest.err
configure:5297: $? = 0
configure:5304: test -s conftest
configure:5307: $? = 0
configure:5321: result: yes
configure:5225: checking for strerror
configure:5281: gcc -o conftest -g -O2   conftest.c  >&5
configure:5287: $? = 0
configure:5294: test -z "$ac_c_werror_flag" || test ! -s conftest.err
configure:5297: $? = 0
configure:5304: test -s conftest
configure:5307: $? = 0
configure:5321: result: yes
configure:5225: checking for strtol
configure:5281: gcc -o conftest -g -O2   conftest.c  >&5
configure:5287: $? = 0
configure:5294: test -z "$ac_c_werror_flag" || test ! -s conftest.err
configure:5297: $? = 0
configure:5304: test -s conftest
configure:5307: $? = 0
configure:5321: result: yes
configure:5225: checking for sendfile
configure:5281: gcc -o conftest -g -O2   conftest.c  >&5
configure:5287: $? = 0
configure:5294: test -z "$ac_c_werror_flag" || test ! -s conftest.err
configure:5297: $? = 0
configure:5304: test -s conftest
configure:5307: $? = 0
configure:5321: result: yes
configure:5488: creating ./config.status

## ---------------------- ##
## Running config.status. ##
## ---------------------- ##

This file was extended by highlander config.status 0.9.91, which was
generated by GNU Autoconf 2.60.  Invocation command line was

  CONFIG_FILES    = 
  CONFIG_HEADERS  = 
  CONFIG_LINKS    = 
  CONFIG_COMMANDS = 
  $ ./config.status 

on Oxygen.local

config.status:604: creating Makefile
config.status:789: executing depfiles commands

## ---------------- ##
## Cache variables. ##
## ---------------- ##

ac_cv_c_compiler_gnu=yes
ac_cv_c_const=yes
ac_cv_c_inline=inline
ac_cv_env_CC_set=
ac_cv_env_CC_value=
ac_cv_env_CFLAGS_set=
ac_cv_env_CFLAGS_value=
ac_cv_env_CPPFLAGS_set=
ac_cv_env_CPPFLAGS_value=
ac_cv_env_CPP_set=
ac_cv_env_CPP_value=
ac_cv_env_LDFLAGS_set=
ac_cv_env_LDFLAGS_value=
ac_cv_env_build_alias_set=
ac_cv_env_build_alias_value=
ac_cv_env_host_alias_set=
ac_cv_env_host_alias_value=
ac_cv_env_target_alias_set=
ac_cv_env_target_alias_value=
ac_cv_func_inet_ntop=yes
ac_cv_func_localtime_r=yes
ac_cv_func_lstat_dereferences_slashed_symlink=no
ac_cv_func_sendfile=yes
ac_cv_func_socket=yes
ac_cv_func_stat_empty_string_bug=no
ac_cv_func_strerror=yes
ac_cv_func_strerror_r=yes
ac_cv_func_strftime=yes
ac_cv_func_strtol=yes
ac_cv_header_arpa_inet_h=yes
ac_cv_header_fcntl_h=yes
ac_cv_header_inttypes_h=yes
ac_cv_header_limits_h=yes
ac_cv_header_memory_h=yes
ac_cv_header_netdb_h=yes
ac_cv_header_netinet_in_h=yes
ac_cv_header_stdc=yes
ac_cv_header_stdint_h=yes
ac_cv_header_stdlib_h=yes
ac_cv_header_string_h=yes
ac_cv_header_strings_h=yes
ac_cv_header_sys_socket_h=yes
ac_cv_header_sys_stat_h=yes
ac_cv_header_sys_types_h=yes
ac_cv_header_syslog_h=yes
ac_cv_header_unistd_h=yes
ac_cv_objext=o
ac_cv_path_EGREP='/usr/bin/grep -E'
ac_cv_path_GREP=/usr/bin/grep
ac_cv_path_install='/usr/bin/install -c'
ac_cv_prog_AWK=gawk
ac_cv_prog_CPP='gcc -E'
ac_cv_prog_ac_ct_CC=gcc
ac_cv_prog_ac_ct_RANLIB=ranlib
ac_cv_prog_cc_c89=
ac_cv_prog_cc_g=yes
ac_cv_prog_make_make_set=yes
ac_cv_struct_tm=time.h
ac_cv_type_mode_t=yes
ac_cv_type_pid_t=yes
ac_cv_type_size_t=yes
am_cv_CC_dependencies_compiler_type=gcc3

## ----------------- ##
## Output variables. ##
## ----------------- ##

ACLOCAL='${SHELL} /Users/tim/Desktop/Repositories/nuhighlander/metasystems/highlander-0.9.91-patched/extras/missing --run aclocal-1.9'
AMDEPBACKSLASH='\'
AMDEP_FALSE='#'
AMDEP_TRUE=''
AMTAR='${SHELL} /Users/tim/Desktop/Repositories/nuhighlander/metasystems/highlander-0.9.91-patched/extras/missing --run tar'
AUTOCONF='${SHELL} /Users/tim/Desktop/Repositories/nuhighlander/metasystems/highlander-0.9.91-patched/extras/missing --run autoconf'
AUTOHEADER='${SHELL} /Users/tim/Desktop/Repositories/nuhighlander/metasystems/highlander-0.9.91-patched/extras/missing --run autoheader'
AUTOMAKE='${SHELL} /Users/tim/Desktop/Repositories/nuhighlander/metasystems/highlander-0.9.91-patched/extras/missing --run automake-1.9'
AWK='gawk'
CC='gcc'
CCDEPMODE='depmode=gcc3'
CFLAGS='-g -O2'
CPP='gcc -E'
CPPFLAGS=''
CYGPATH_W='echo'
DEFS='-DPACKAGE_NAME=\"highlander\" -DPACKAGE_TARNAME=\"highlander\" -DPACKAGE_VERSION=\"0.9.91\" -DPACKAGE_STRING=\"highlander\ 0.9.91\" -DPACKAGE_BUGREPORT=\"boa@metasystems.no\" -DPACKAGE=\"highlander\" -DVERSION=\"0.9.91\" -DSTDC_HEADERS=1 -DHAVE_SYS_TYPES_H=1 -DHAVE_SYS_STAT_H=1 -DHAVE_STDLIB_H=1 -DHAVE_STRING_H=1 -DHAVE_MEMORY_H=1 -DHAVE_STRINGS_H=1 -DHAVE_INTTYPES_H=1 -DHAVE_STDINT_H=1 -DHAVE_UNISTD_H=1 -DHAVE_ARPA_INET_H=1 -DHAVE_FCNTL_H=1 -DHAVE_LIMITS_H=1 -DHAVE_NETDB_H=1 -DHAVE_NETINET_IN_H=1 -DHAVE_SYS_SOCKET_H=1 -DHAVE_SYSLOG_H=1 -DHAVE_UNISTD_H=1 -DHAVE_STRFTIME=1 -DHAVE_STRERROR_R=1 -DHAVE_INET_NTOP=1 -DHAVE_LOCALTIME_R=1 -DHAVE_SOCKET=1 -DHAVE_STRERROR=1 -DHAVE_STRTOL=1 -DHAVE_SENDFILE=1'
DEPDIR='.deps'
ECHO_C='ECHO_N=''
ECHO_T=''
EGREP='/usr/bin/grep -E'
EXEEXT=''
GREP='/usr/bin/grep'
INSTALL_DATA='${INSTALL} -m 644'
INSTALL_PROGRAM='${INSTALL}'
INSTALL_SCRIPT='${INSTALL}'
INSTALL_STRIP_PROGRAM='${SHELL} $(install_sh) -c -s'
LDFLAGS=''
LIBOBJS=' ${LIBOBJDIR}lstat$U.o'
LIBS=''
LTLIBOBJS=' ${LIBOBJDIR}lstat$U.lo'
MAKEINFO='${SHELL} /Users/tim/Desktop/Repositories/nuhighlander/metasystems/highlander-0.9.91-patched/extras/missing --run makeinfo'
OBJEXT='o'
PACKAGE='highlander'
PACKAGE_BUGREPORT='boa@metasystems.no'
PACKAGE_NAME='highlander'
PACKAGE_STRING='highlander 0.9.91'
PACKAGE_TARNAME='highlander'
PACKAGE_VERSION='0.9.91'
PATH_SEPARATOR=':'
RANLIB='ranlib'
SET_MAKE=''
SHELL='/bin/sh'
STRIP=''
VERSION='0.9.91'
ac_ct_CC='gcc'
am__fastdepCC_FALSE='#'
am__fastdepCC_TRUE=''
am__include='include'
am__leading_dot='.'
am__quote=''
am__tar='${AMTAR} chof - "$$tardir"'
am__untar='${AMTAR} xf -'
bindir='${exec_prefix}/bin'
build_alias=''
datadir='${datarootdir}'
datarootdir='${prefix}/share'
docdir='${datarootdir}/doc/${PACKAGE_TARNAME}'
dvidir='${docdir}'
exec_prefix='${prefix}'
host_alias=''
htmldir='${docdir}'
includedir='${prefix}/include'
infodir='${datarootdir}/info'
install_sh='/Users/tim/Desktop/Repositories/nuhighlander/metasystems/highlander-0.9.91-patched/extras/install-sh'
libdir='${exec_prefix}/lib'
libexecdir='${exec_prefix}/libexec'
localedir='${datarootdir}/locale'
localstatedir='${prefix}/var'
mandir='${datarootdir}/man'
mkdir_p='$(install_sh) -d'
oldincludedir='/usr/include'
pdfdir='${docdir}'
prefix='/usr/local'
program_transform_name='s,x,x,'
psdir='${docdir}'
sbindir='${exec_prefix}/sbin'
sharedstatedir='${prefix}/com'
sysconfdir='${prefix}/etc'
target_alias=''

## ----------- ##
## confdefs.h. ##
## ----------- ##

#define PACKAGE_NAME "highlander"
#define PACKAGE_TARNAME "highlander"
#define PACKAGE_VERSION "0.9.91"
#define PACKAGE_STRING "highlander 0.9.91"
#define PACKAGE_BUGREPORT "boa@metasystems.no"
#define PACKAGE "highlander"
#define VERSION "0.9.91"
#define STDC_HEADERS 1
#define HAVE_SYS_TYPES_H 1
#define HAVE_SYS_STAT_H 1
#define HAVE_STDLIB_H 1
#define HAVE_STRING_H 1
#define HAVE_MEMORY_H 1
#define HAVE_STRINGS_H 1
#define HAVE_INTTYPES_H 1
#define HAVE_STDINT_H 1
#define HAVE_UNISTD_H 1
#define HAVE_ARPA_INET_H 1
#define HAVE_FCNTL_H 1
#define HAVE_LIMITS_H 1
#define HAVE_NETDB_H 1
#define HAVE_NETINET_IN_H 1
#define HAVE_SYS_SOCKET_H 1
#define HAVE_SYSLOG_H 1
#define HAVE_UNISTD_H 1
#define HAVE_STRFTIME 1
#define HAVE_STRERROR_R 1
#define HAVE_INET_NTOP 1
#define HAVE_LOCALTIME_R 1
#define HAVE_SOCKET 1
#define HAVE_STRERROR 1
#define HAVE_STRTOL 1
#define HAVE_SENDFILE 1

configure: exit 0
